This is pdfTeX, Version 3.141592653-2.6-1.40.22 (TeX Live 2021) (preloaded format=pdflatex 2021.8.9)  15 SEP 2021 05:18
entering extended mode
 restricted \write18 enabled.
 file:line:error style messages enabled.
 %&-line parsing enabled.
**/Users/matt/Projects/GITHUB/Documentazione/Documentazione.tex
(/Users/matt/Projects/GITHUB/Documentazione/Documentazione.tex
LaTeX2e <2020-10-01> patch level 4
L3 programming layer <2021-02-18> (/usr/local/texlive/2021/texmf-dist/tex/latex/base/report.cls
Document Class: report 2020/04/10 v1.4m Standard LaTeX document class
(/usr/local/texlive/2021/texmf-dist/tex/latex/base/size10.clo
File: size10.clo 2020/04/10 v1.4m Standard LaTeX file (size option)
)
\c@part=\count179
\c@chapter=\count180
\c@section=\count181
\c@subsection=\count182
\c@subsubsection=\count183
\c@paragraph=\count184
\c@subparagraph=\count185
\c@figure=\count186
\c@table=\count187
\abovecaptionskip=\skip47
\belowcaptionskip=\skip48
\bibindent=\dimen138
) (/usr/local/texlive/2021/texmf-dist/tex/latex/base/inputenc.sty
Package: inputenc 2020/08/01 v1.3d Input encoding file
\inpenc@prehook=\toks15
\inpenc@posthook=\toks16
) (/usr/local/texlive/2021/texmf-dist/tex/generic/babel/babel.sty
Package: babel 2021/03/24 3.56 The Babel package
 (/usr/local/texlive/2021/texmf-dist/tex/generic/babel/babel.def
File: babel.def 2021/03/24 3.56 Babel common definitions
\babel@savecnt=\count188
\U@D=\dimen139
\l@babelnohyphens=\language87
 (/usr/local/texlive/2021/texmf-dist/tex/generic/babel/txtbabel.def)
\bbl@readstream=\read2
)
\bbl@dirlevel=\count189
 (/usr/local/texlive/2021/texmf-dist/tex/generic/babel-italian/italian.ldf
Language: italian 2020/05/21 v.1.4.04 Italian support for the babel system
\it@lettering=\count190
\it@doublequoteactive=\count191
\it@ISOcompliance=\count192
)) (/usr/local/texlive/2021/texmf-dist/tex/latex/etoolbox/etoolbox.sty
Package: etoolbox 2020/10/05 v2.5k e-TeX tools for LaTeX (JAW)
\etb@tempcnta=\count193
) (/usr/local/texlive/2021/texmf-dist/tex/latex/base/fontenc.sty
Package: fontenc 2020/08/10 v2.0s Standard LaTeX package
) (/usr/local/texlive/2021/texmf-dist/tex/latex/natbib/natbib.sty
Package: natbib 2010/09/13 8.31b (PWD, AO)
\bibhang=\skip49
\bibsep=\skip50
LaTeX Info: Redefining \cite on input line 694.
\c@NAT@ctr=\count194
) (/usr/local/texlive/2021/texmf-dist/tex/latex/graphics/graphicx.sty
Package: graphicx 2020/09/09 v1.2b Enhanced LaTeX Graphics (DPC,SPQR)
 (/usr/local/texlive/2021/texmf-dist/tex/latex/graphics/keyval.sty
Package: keyval 2014/10/28 v1.15 key=value parser (DPC)
\KV@toks@=\toks17
) (/usr/local/texlive/2021/texmf-dist/tex/latex/graphics/graphics.sty
Package: graphics 2020/08/30 v1.4c Standard LaTeX Graphics (DPC,SPQR)
 (/usr/local/texlive/2021/texmf-dist/tex/latex/graphics/trig.sty
Package: trig 2016/01/03 v1.10 sin cos tan (DPC)
) (/usr/local/texlive/2021/texmf-dist/tex/latex/graphics-cfg/graphics.cfg
File: graphics.cfg 2016/06/04 v1.11 sample graphics configuration
)
Package graphics Info: Driver file: pdftex.def on input line 105.
 (/usr/local/texlive/2021/texmf-dist/tex/latex/graphics-def/pdftex.def
File: pdftex.def 2020/10/05 v1.2a Graphics/color driver for pdftex
))
\Gin@req@height=\dimen140
\Gin@req@width=\dimen141
) (/usr/local/texlive/2021/texmf-dist/tex/latex/blindtext/blindtext.sty
Package: blindtext 2012/01/06 V2.0 blindtext-Package
 (/usr/local/texlive/2021/texmf-dist/tex/latex/tools/xspace.sty
Package: xspace 2014/10/28 v1.13 Space after command names (DPC,MH)
)
\c@blindtext=\count195
\c@Blindtext=\count196
\c@blind@countparstart=\count197
\blind@countxx=\count198
\blindtext@numBlindtext=\count199
\blind@countyy=\count266
\c@blindlist=\count267
\c@blindlistlevel=\count268
\c@blindlist@level=\count269
\blind@listitem=\count270
\c@blind@listcount=\count271
\c@blind@levelcount=\count272
\blind@mathformula=\count273
\blind@Mathformula=\count274
\c@blind@randomcount=\count275
\c@blind@randommax=\count276
\c@blind@pangramcount=\count277
\c@blind@pangrammax=\count278
) (/usr/local/texlive/2021/texmf-dist/tex/latex/hyperref/hyperref.sty
Package: hyperref 2021-02-27 v7.00k Hypertext links for LaTeX
 (/usr/local/texlive/2021/texmf-dist/tex/generic/ltxcmds/ltxcmds.sty
Package: ltxcmds 2020-05-10 v1.25 LaTeX kernel commands for general use (HO)
) (/usr/local/texlive/2021/texmf-dist/tex/generic/iftex/iftex.sty
Package: iftex 2020/03/06 v1.0d TeX engine tests
) (/usr/local/texlive/2021/texmf-dist/tex/generic/pdftexcmds/pdftexcmds.sty
Package: pdftexcmds 2020-06-27 v0.33 Utility functions of pdfTeX for LuaTeX (HO)
 (/usr/local/texlive/2021/texmf-dist/tex/generic/infwarerr/infwarerr.sty
Package: infwarerr 2019/12/03 v1.5 Providing info/warning/error messages (HO)
)
Package pdftexcmds Info: \pdf@primitive is available.
Package pdftexcmds Info: \pdf@ifprimitive is available.
Package pdftexcmds Info: \pdfdraftmode found.
) (/usr/local/texlive/2021/texmf-dist/tex/generic/kvsetkeys/kvsetkeys.sty
Package: kvsetkeys 2019/12/15 v1.18 Key value parser (HO)
) (/usr/local/texlive/2021/texmf-dist/tex/generic/kvdefinekeys/kvdefinekeys.sty
Package: kvdefinekeys 2019-12-19 v1.6 Define keys (HO)
) (/usr/local/texlive/2021/texmf-dist/tex/generic/pdfescape/pdfescape.sty
Package: pdfescape 2019/12/09 v1.15 Implements pdfTeX's escape features (HO)
) (/usr/local/texlive/2021/texmf-dist/tex/latex/hycolor/hycolor.sty
Package: hycolor 2020-01-27 v1.10 Color options for hyperref/bookmark (HO)
) (/usr/local/texlive/2021/texmf-dist/tex/latex/letltxmacro/letltxmacro.sty
Package: letltxmacro 2019/12/03 v1.6 Let assignment for LaTeX macros (HO)
) (/usr/local/texlive/2021/texmf-dist/tex/latex/auxhook/auxhook.sty
Package: auxhook 2019-12-17 v1.6 Hooks for auxiliary files (HO)
) (/usr/local/texlive/2021/texmf-dist/tex/latex/kvoptions/kvoptions.sty
Package: kvoptions 2020-10-07 v3.14 Key value format for package options (HO)
)
\@linkdim=\dimen142
\Hy@linkcounter=\count279
\Hy@pagecounter=\count280
 (/usr/local/texlive/2021/texmf-dist/tex/latex/hyperref/pd1enc.def
File: pd1enc.def 2021-02-27 v7.00k Hyperref: PDFDocEncoding definition (HO)
Now handling font encoding PD1 ...
... no UTF-8 mapping file for font encoding PD1
) (/usr/local/texlive/2021/texmf-dist/tex/latex/hyperref/hyperref-langpatches.def
File: hyperref-langpatches.def 2021-02-27 v7.00k Hyperref: patches for babel languages
) (/usr/local/texlive/2021/texmf-dist/tex/generic/intcalc/intcalc.sty
Package: intcalc 2019/12/15 v1.3 Expandable calculations with integers (HO)
) (/usr/local/texlive/2021/texmf-dist/tex/generic/etexcmds/etexcmds.sty
Package: etexcmds 2019/12/15 v1.7 Avoid name clashes with e-TeX commands (HO)
)
\Hy@SavedSpaceFactor=\count281
 (/usr/local/texlive/2021/texmf-dist/tex/latex/hyperref/puenc.def
File: puenc.def 2021-02-27 v7.00k Hyperref: PDF Unicode definition (HO)
Now handling font encoding PU ...
... no UTF-8 mapping file for font encoding PU
)
Package hyperref Info: Hyper figures OFF on input line 4192.
Package hyperref Info: Link nesting OFF on input line 4197.
Package hyperref Info: Hyper index ON on input line 4200.
Package hyperref Info: Plain pages OFF on input line 4207.
Package hyperref Info: Backreferencing OFF on input line 4212.
Package hyperref Info: Implicit mode ON; LaTeX internals redefined.
Package hyperref Info: Bookmarks ON on input line 4445.
\c@Hy@tempcnt=\count282
 (/usr/local/texlive/2021/texmf-dist/tex/latex/url/url.sty
\Urlmuskip=\muskip16
Package: url 2013/09/16  ver 3.4  Verb mode for urls, etc.
)
LaTeX Info: Redefining \url on input line 4804.
\XeTeXLinkMargin=\dimen143
 (/usr/local/texlive/2021/texmf-dist/tex/generic/bitset/bitset.sty
Package: bitset 2019/12/09 v1.3 Handle bit-vector datatype (HO)
 (/usr/local/texlive/2021/texmf-dist/tex/generic/bigintcalc/bigintcalc.sty
Package: bigintcalc 2019/12/15 v1.5 Expandable calculations on big integers (HO)
))
\Fld@menulength=\count283
\Field@Width=\dimen144
\Fld@charsize=\dimen145
Package hyperref Info: Hyper figures OFF on input line 6075.
Package hyperref Info: Link nesting OFF on input line 6080.
Package hyperref Info: Hyper index ON on input line 6083.
Package hyperref Info: backreferencing OFF on input line 6090.
Package hyperref Info: Link coloring OFF on input line 6095.
Package hyperref Info: Link coloring with OCG OFF on input line 6100.
Package hyperref Info: PDF/A mode OFF on input line 6105.
LaTeX Info: Redefining \ref on input line 6145.
LaTeX Info: Redefining \pageref on input line 6149.
 (/usr/local/texlive/2021/texmf-dist/tex/latex/base/atbegshi-ltx.sty
Package: atbegshi-ltx 2020/08/17 v1.0a Emulation of the original atbegshi package
with kernel methods
)
\Hy@abspage=\count284
\c@Item=\count285
\c@Hfootnote=\count286
)
Package hyperref Info: Driver (autodetected): hpdftex.
 (/usr/local/texlive/2021/texmf-dist/tex/latex/hyperref/hpdftex.def
File: hpdftex.def 2021-02-27 v7.00k Hyperref driver for pdfTeX
 (/usr/local/texlive/2021/texmf-dist/tex/latex/base/atveryend-ltx.sty
Package: atveryend-ltx 2020/08/19 v1.0a Emulation of the original atvery package
with kernel methods
)
\Fld@listcount=\count287
\c@bookmark@seq@number=\count288
 (/usr/local/texlive/2021/texmf-dist/tex/latex/rerunfilecheck/rerunfilecheck.sty
Package: rerunfilecheck 2019/12/05 v1.9 Rerun checks for auxiliary files (HO)
 (/usr/local/texlive/2021/texmf-dist/tex/generic/uniquecounter/uniquecounter.sty
Package: uniquecounter 2019/12/15 v1.4 Provide unlimited unique counter (HO)
)
Package uniquecounter Info: New unique counter `rerunfilecheck' on input line 286.
)
\Hy@SectionHShift=\skip51
) (/usr/local/texlive/2021/texmf-dist/tex/latex/l3backend/l3backend-pdftex.def
File: l3backend-pdftex.def 2021-03-18 L3 backend support: PDF output (pdfTeX)
\l__color_backend_stack_int=\count289
\l__pdf_internal_box=\box47
) (/Users/matt/Projects/GITHUB/Documentazione/Documentazione.aux (/Users/matt/Projects/GITHUB/Documentazione/Analisi dei requisiti/Casi d'uso: Generale.aux) (/Users/matt/Projects/GITHUB/Documentazione/Analisi dei requisiti/Casi d'uso: Amministratore.aux) (/Users/matt/Projects/GITHUB/Documentazione/Analisi dei requisiti/Casi d'uso: Manager.aux) (/Users/matt/Projects/GITHUB/Documentazione/Analisi dei requisiti/Casi d'uso: Utente acquirente.aux) (/Users/matt/Projects/GITHUB/Documentazione/Analisi dei requisiti/Casi d'uso: Guest.aux) (/Users/matt/Projects/GITHUB/Documentazione/UML dell'architettura software/UML dei casi d'uso.aux) (/Users/matt/Projects/GITHUB/Documentazione/UML dell'architettura software/CRC.aux) (/Users/matt/Projects/GITHUB/Documentazione/UML dell'architettura software/Diagramma delle classi.aux) (/Users/matt/Projects/GITHUB/Documentazione/UML dell'architettura software/Diagrammi di sequenza.aux) (/Users/matt/Projects/GITHUB/Documentazione/Design pattern/Design pattern.aux) (/Users/matt/Projects/GITHUB/Documentazione/Progettazione Concettuale/Progettazione concettuale/Progettazione concettuale.aux) (/Users/matt/Projects/GITHUB/Documentazione/Progettazione Concettuale/Progettazione logica/EER diagram.aux) (/Users/matt/Projects/GITHUB/Documentazione/Progettazione concettuale/Dizionario dei dati/Dizionario dei dati.aux) (/Users/matt/Projects/GITHUB/Documentazione/Unit test/Unit test.aux) (/Users/matt/Projects/GITHUB/Documentazione/Scrum/Sprint backlog/Sprint Backlog.aux) (/Users/matt/Projects/GITHUB/Documentazione/Scrum/Burndown chart/Burndown chart.aux))
\openout1 = `Documentazione.aux'.

LaTeX Font Info:    Checking defaults for OML/cmm/m/it on input line 21.
LaTeX Font Info:    ... okay on input line 21.
LaTeX Font Info:    Checking defaults for OMS/cmsy/m/n on input line 21.
LaTeX Font Info:    ... okay on input line 21.
LaTeX Font Info:    Checking defaults for OT1/cmr/m/n on input line 21.
LaTeX Font Info:    ... okay on input line 21.
LaTeX Font Info:    Checking defaults for T1/cmr/m/n on input line 21.
LaTeX Font Info:    ... okay on input line 21.
LaTeX Font Info:    Checking defaults for TS1/cmr/m/n on input line 21.
LaTeX Font Info:    ... okay on input line 21.
LaTeX Font Info:    Checking defaults for OMX/cmex/m/n on input line 21.
LaTeX Font Info:    ... okay on input line 21.
LaTeX Font Info:    Checking defaults for U/cmr/m/n on input line 21.
LaTeX Font Info:    ... okay on input line 21.
LaTeX Font Info:    Checking defaults for PD1/pdf/m/n on input line 21.
LaTeX Font Info:    ... okay on input line 21.
LaTeX Font Info:    Checking defaults for PU/pdf/m/n on input line 21.
LaTeX Font Info:    ... okay on input line 21.
LaTeX Info: Redefining \it@ocap on input line 21.
LaTeX Info: Redefining \it@ccap on input line 21.
 (/usr/local/texlive/2021/texmf-dist/tex/context/base/mkii/supp-pdf.mkii
[Loading MPS to PDF converter (version 2006.09.02).]
\scratchcounter=\count290
\scratchdimen=\dimen146
\scratchbox=\box48
\nofMPsegments=\count291
\nofMParguments=\count292
\everyMPshowfont=\toks18
\MPscratchCnt=\count293
\MPscratchDim=\dimen147
\MPnumerator=\count294
\makeMPintoPDFobject=\count295
\everyMPtoPDFconversion=\toks19
) (/usr/local/texlive/2021/texmf-dist/tex/latex/epstopdf-pkg/epstopdf-base.sty
Package: epstopdf-base 2020-01-24 v2.11 Base part for package epstopdf
Package epstopdf-base Info: Redefining graphics rule for `.eps' on input line 485.
 (/usr/local/texlive/2021/texmf-dist/tex/latex/latexconfig/epstopdf-sys.cfg
File: epstopdf-sys.cfg 2010/07/13 v1.3 Configuration of (r)epstopdf for TeX Live
))
Package hyperref Info: Link coloring OFF on input line 21.
 (/usr/local/texlive/2021/texmf-dist/tex/latex/hyperref/nameref.sty
Package: nameref 2021-04-02 v2.47 Cross-referencing by name of section
 (/usr/local/texlive/2021/texmf-dist/tex/latex/refcount/refcount.sty
Package: refcount 2019/12/15 v3.6 Data extraction from label references (HO)
) (/usr/local/texlive/2021/texmf-dist/tex/generic/gettitlestring/gettitlestring.sty
Package: gettitlestring 2019/12/15 v1.6 Cleanup title references (HO)
)
\c@section@level=\count296
)
LaTeX Info: Redefining \ref on input line 21.
LaTeX Info: Redefining \pageref on input line 21.
LaTeX Info: Redefining \nameref on input line 21.
 (/Users/matt/Projects/GITHUB/Documentazione/Documentazione.out) (/Users/matt/Projects/GITHUB/Documentazione/Documentazione.out)
\@outlinefile=\write3
\openout3 = `Documentazione.out'.

</Users/matt/Projects/GITHUB/Documentazione/unisalento logo.png, id=353, 1065.9825pt x 385.44pt>
File: /Users/matt/Projects/GITHUB/Documentazione/unisalento logo.png Graphic file (type png)
<use /Users/matt/Projects/GITHUB/Documentazione/unisalento logo.png>
Package pdftex.def Info: /Users/matt/Projects/GITHUB/Documentazione/unisalento logo.png  used on input line 25.
(pdftex.def)             Requested size: 345.0pt x 124.74307pt.
LaTeX Font Info:    External font `cmex10' loaded for size
(Font)              <12> on input line 25.
LaTeX Font Info:    External font `cmex10' loaded for size
(Font)              <8> on input line 25.
LaTeX Font Info:    External font `cmex10' loaded for size
(Font)              <6> on input line 25.
 [1

{/usr/local/texlive/2021/texmf-var/fonts/map/pdftex/updmap/pdftex.map} </Users/matt/Projects/GITHUB/Documentazione/unisalento logo.png>] (/Users/matt/Projects/GITHUB/Documentazione/Documentazione.toc
LaTeX Font Info:    External font `cmex10' loaded for size
(Font)              <7> on input line 5.
LaTeX Font Info:    External font `cmex10' loaded for size
(Font)              <5> on input line 5.
pdfTeX warning (ext4): destination with the same identifier (name{page.1}) has been already used, duplicate ignored
<to be read again> 
                   \relax 
l.36 ...rline {4}Utente acquirente}{23}{chapter.4}
                                                  % [1

] [2])
\tf@toc=\write4
\openout4 = `Documentazione.toc'.

 [3] [4

]
\openout2 = `"Analisi dei requisiti/Casi d'uso: Generale.aux"'.

 (/Users/matt/Projects/GITHUB/Documentazione/Analisi dei requisiti/Casi d'uso: Generale.tex
Capitolo 1.
[5


]) [6]
\openout2 = `"Analisi dei requisiti/Casi d'uso: Amministratore.aux"'.

 (/Users/matt/Projects/GITHUB/Documentazione/Analisi dei requisiti/Casi d'uso: Amministratore.tex
Capitolo 2.
[7




] [8] [9] [10] [11] [12] [13] [14] [15] [16] [17]) [18]
\openout2 = `"Analisi dei requisiti/Casi d'uso: Manager.aux"'.

 (/Users/matt/Projects/GITHUB/Documentazione/Analisi dei requisiti/Casi d'uso: Manager.tex
Capitolo 3.
[19




] [20] [21]) [22]
\openout2 = `"Analisi dei requisiti/Casi d'uso: Utente acquirente.aux"'.

 (/Users/matt/Projects/GITHUB/Documentazione/Analisi dei requisiti/Casi d'uso: Utente acquirente.tex
Capitolo 4.
[23




] [24] [25]) [26]
\openout2 = `"Analisi dei requisiti/Casi d'uso: Guest.aux"'.

 (/Users/matt/Projects/GITHUB/Documentazione/Analisi dei requisiti/Casi d'uso: Guest.tex
Capitolo 5.
) [27




] [28



]
\openout2 = `"UML dell'architettura software/UML dei casi d'uso.aux"'.

 (/Users/matt/Projects/GITHUB/Documentazione/UML dell'architettura software/UML dei casi d'uso.tex
Capitolo 6.
</Users/matt/Projects/GITHUB/Documentazione/UML dell'architettura software/UML dei casi d'uso/UML dei casi d’uso.jpg, id=980, 2754.29pt x 1505.625pt>
File: /Users/matt/Projects/GITHUB/Documentazione/UML dell'architettura software/UML dei casi d'uso/UML dei casi d’uso.jpg Graphic file (type jpg)
<use /Users/matt/Projects/GITHUB/Documentazione/UML dell'architettura software/UML dei casi d'uso/UML dei casi d’uso.jpg>
Package pdftex.def Info: /Users/matt/Projects/GITHUB/Documentazione/UML dell'architettura software/UML dei casi d'uso/UML dei casi d’uso.jpg  used on input line 3.
(pdftex.def)             Requested size: 345.0pt x 188.59322pt.
) [29


 </Users/matt/Projects/GITHUB/Documentazione/UML dell'architettura software/UML dei casi d'uso/UML dei casi d’uso.jpg>]
\openout2 = `"UML dell'architettura software/CRC.aux"'.

 (/Users/matt/Projects/GITHUB/Documentazione/UML dell'architettura software/CRC.tex
Capitolo 7.
</Users/matt/Projects/GITHUB/Documentazione/UML dell'architettura software/Schede CRC/CRC1.jpg, id=986, 803.0pt x 803.0pt>
File: /Users/matt/Projects/GITHUB/Documentazione/UML dell'architettura software/Schede CRC/CRC1.jpg Graphic file (type jpg)
<use /Users/matt/Projects/GITHUB/Documentazione/UML dell'architettura software/Schede CRC/CRC1.jpg>
Package pdftex.def Info: /Users/matt/Projects/GITHUB/Documentazione/UML dell'architettura software/Schede CRC/CRC1.jpg  used on input line 7.
(pdftex.def)             Requested size: 345.0pt x 345.00146pt.

Overfull \hbox (2.55493pt too wide) in paragraph at lines 7--7
 [] []
 []

</Users/matt/Projects/GITHUB/Documentazione/UML dell'architettura software/Schede CRC/CRC2.jpg, id=987, 803.0pt x 803.0pt>
File: /Users/matt/Projects/GITHUB/Documentazione/UML dell'architettura software/Schede CRC/CRC2.jpg Graphic file (type jpg)
<use /Users/matt/Projects/GITHUB/Documentazione/UML dell'architettura software/Schede CRC/CRC2.jpg>
Package pdftex.def Info: /Users/matt/Projects/GITHUB/Documentazione/UML dell'architettura software/Schede CRC/CRC2.jpg  used on input line 11.
(pdftex.def)             Requested size: 345.0pt x 345.00146pt.

Overfull \hbox (2.55493pt too wide) in paragraph at lines 11--11
 [] []
 []

[30




 </Users/matt/Projects/GITHUB/Documentazione/UML dell'architettura software/Schede CRC/CRC1.jpg>]
</Users/matt/Projects/GITHUB/Documentazione/UML dell'architettura software/Schede CRC/CRC3.jpg, id=995, 803.0pt x 803.0pt>
File: /Users/matt/Projects/GITHUB/Documentazione/UML dell'architettura software/Schede CRC/CRC3.jpg Graphic file (type jpg)
<use /Users/matt/Projects/GITHUB/Documentazione/UML dell'architettura software/Schede CRC/CRC3.jpg>
Package pdftex.def Info: /Users/matt/Projects/GITHUB/Documentazione/UML dell'architettura software/Schede CRC/CRC3.jpg  used on input line 15.
(pdftex.def)             Requested size: 345.0pt x 345.00146pt.

Overfull \hbox (2.55493pt too wide) in paragraph at lines 15--15
 [] []
 []

[31 </Users/matt/Projects/GITHUB/Documentazione/UML dell'architettura software/Schede CRC/CRC2.jpg>]
</Users/matt/Projects/GITHUB/Documentazione/UML dell'architettura software/Schede CRC/CRC4.jpg, id=1001, 803.0pt x 803.0pt>
File: /Users/matt/Projects/GITHUB/Documentazione/UML dell'architettura software/Schede CRC/CRC4.jpg Graphic file (type jpg)
<use /Users/matt/Projects/GITHUB/Documentazione/UML dell'architettura software/Schede CRC/CRC4.jpg>
Package pdftex.def Info: /Users/matt/Projects/GITHUB/Documentazione/UML dell'architettura software/Schede CRC/CRC4.jpg  used on input line 19.
(pdftex.def)             Requested size: 345.0pt x 345.00146pt.

Overfull \hbox (2.55493pt too wide) in paragraph at lines 19--19
 [] []
 []

[32 </Users/matt/Projects/GITHUB/Documentazione/UML dell'architettura software/Schede CRC/CRC3.jpg>])
</Users/matt/Projects/GITHUB/Documentazione/UML dell'architettura software/Schede CRC/CRC5.jpg, id=1007, 803.0pt x 803.0pt>
File: /Users/matt/Projects/GITHUB/Documentazione/UML dell'architettura software/Schede CRC/CRC5.jpg Graphic file (type jpg)
<use /Users/matt/Projects/GITHUB/Documentazione/UML dell'architettura software/Schede CRC/CRC5.jpg>
Package pdftex.def Info: /Users/matt/Projects/GITHUB/Documentazione/UML dell'architettura software/Schede CRC/CRC5.jpg  used on input line 36.
(pdftex.def)             Requested size: 345.0pt x 345.00146pt.

Overfull \hbox (2.55493pt too wide) in paragraph at lines 36--36
 [] []
 []

[33 </Users/matt/Projects/GITHUB/Documentazione/UML dell'architettura software/Schede CRC/CRC4.jpg>] [34 </Users/matt/Projects/GITHUB/Documentazione/UML dell'architettura software/Schede CRC/CRC5.jpg>]
\openout2 = `"UML dell'architettura software/Diagramma delle classi.aux"'.

 (/Users/matt/Projects/GITHUB/Documentazione/UML dell'architettura software/Diagramma delle classi.tex
Capitolo 8.
</Users/matt/Projects/GITHUB/Documentazione/UML dell'architettura software/Diagramma delle classi/ClassDiagram.jpg, id=1018, 1158.3275pt x 937.5025pt>
File: /Users/matt/Projects/GITHUB/Documentazione/UML dell'architettura software/Diagramma delle classi/ClassDiagram.jpg Graphic file (type jpg)
<use /Users/matt/Projects/GITHUB/Documentazione/UML dell'architettura software/Diagramma delle classi/ClassDiagram.jpg>
Package pdftex.def Info: /Users/matt/Projects/GITHUB/Documentazione/UML dell'architettura software/Diagramma delle classi/ClassDiagram.jpg  used on input line 3.
(pdftex.def)             Requested size: 345.0pt x 279.22159pt.
) [35




 </Users/matt/Projects/GITHUB/Documentazione/UML dell'architettura software/Diagramma delle classi/ClassDiagram.jpg>]
\openout2 = `"UML dell'architettura software/Diagrammi di sequenza.aux"'.

 (/Users/matt/Projects/GITHUB/Documentazione/UML dell'architettura software/Diagrammi di sequenza.tex
Capitolo 9.
</Users/matt/Projects/GITHUB/Documentazione/UML dell'architettura software/Diagrammi di sequenza/seq1.jpg, id=1023, 713.66624pt x 389.455pt>
File: /Users/matt/Projects/GITHUB/Documentazione/UML dell'architettura software/Diagrammi di sequenza/seq1.jpg Graphic file (type jpg)
<use /Users/matt/Projects/GITHUB/Documentazione/UML dell'architettura software/Diagrammi di sequenza/seq1.jpg>
Package pdftex.def Info: /Users/matt/Projects/GITHUB/Documentazione/UML dell'architettura software/Diagrammi di sequenza/seq1.jpg  used on input line 8.
(pdftex.def)             Requested size: 345.0pt x 188.26741pt.
</Users/matt/Projects/GITHUB/Documentazione/UML dell'architettura software/Diagrammi di sequenza/seq2.jpg, id=1024, 713.66624pt x 309.155pt>
File: /Users/matt/Projects/GITHUB/Documentazione/UML dell'architettura software/Diagrammi di sequenza/seq2.jpg Graphic file (type jpg)
<use /Users/matt/Projects/GITHUB/Documentazione/UML dell'architettura software/Diagrammi di sequenza/seq2.jpg>
Package pdftex.def Info: /Users/matt/Projects/GITHUB/Documentazione/UML dell'architettura software/Diagrammi di sequenza/seq2.jpg  used on input line 12.
(pdftex.def)             Requested size: 345.0pt x 149.44939pt.
[36




 </Users/matt/Projects/GITHUB/Documentazione/UML dell'architettura software/Diagrammi di sequenza/seq1.jpg>]
</Users/matt/Projects/GITHUB/Documentazione/UML dell'architettura software/Diagrammi di sequenza/seq3.jpg, id=1031, 590.205pt x 343.2825pt>
File: /Users/matt/Projects/GITHUB/Documentazione/UML dell'architettura software/Diagrammi di sequenza/seq3.jpg Graphic file (type jpg)
<use /Users/matt/Projects/GITHUB/Documentazione/UML dell'architettura software/Diagrammi di sequenza/seq3.jpg>
Package pdftex.def Info: /Users/matt/Projects/GITHUB/Documentazione/UML dell'architettura software/Diagrammi di sequenza/seq3.jpg  used on input line 16.
(pdftex.def)             Requested size: 345.0pt x 200.66492pt.
</Users/matt/Projects/GITHUB/Documentazione/UML dell'architettura software/Diagrammi di sequenza/seq4.jpg, id=1032, 309.155pt x 301.125pt>
File: /Users/matt/Projects/GITHUB/Documentazione/UML dell'architettura software/Diagrammi di sequenza/seq4.jpg Graphic file (type jpg)
<use /Users/matt/Projects/GITHUB/Documentazione/UML dell'architettura software/Diagrammi di sequenza/seq4.jpg>
Package pdftex.def Info: /Users/matt/Projects/GITHUB/Documentazione/UML dell'architettura software/Diagrammi di sequenza/seq4.jpg  used on input line 20.
(pdftex.def)             Requested size: 207.0021pt x 201.63322pt.
 [37 </Users/matt/Projects/GITHUB/Documentazione/UML dell'architettura software/Diagrammi di sequenza/seq2.jpg> </Users/matt/Projects/GITHUB/Documentazione/UML dell'architettura software/Diagrammi di sequenza/seq3.jpg>]
</Users/matt/Projects/GITHUB/Documentazione/UML dell'architettura software/Diagrammi di sequenza/seq5.jpg, id=1039, 357.335pt x 293.095pt>
File: /Users/matt/Projects/GITHUB/Documentazione/UML dell'architettura software/Diagrammi di sequenza/seq5.jpg Graphic file (type jpg)
<use /Users/matt/Projects/GITHUB/Documentazione/UML dell'architettura software/Diagrammi di sequenza/seq5.jpg>
Package pdftex.def Info: /Users/matt/Projects/GITHUB/Documentazione/UML dell'architettura software/Diagrammi di sequenza/seq5.jpg  used on input line 24.
(pdftex.def)             Requested size: 207.0021pt x 169.78947pt.
)
</Users/matt/Projects/GITHUB/Documentazione/UML dell'architettura software/Diagrammi di sequenza/seq6.jpg, id=1040, 919.435pt x 301.125pt>
File: /Users/matt/Projects/GITHUB/Documentazione/UML dell'architettura software/Diagrammi di sequenza/seq6.jpg Graphic file (type jpg)
<use /Users/matt/Projects/GITHUB/Documentazione/UML dell'architettura software/Diagrammi di sequenza/seq6.jpg>
Package pdftex.def Info: /Users/matt/Projects/GITHUB/Documentazione/UML dell'architettura software/Diagrammi di sequenza/seq6.jpg  used on input line 38.
(pdftex.def)             Requested size: 345.0pt x 112.99051pt.
 [38 </Users/matt/Projects/GITHUB/Documentazione/UML dell'architettura software/Diagrammi di sequenza/seq4.jpg> </Users/matt/Projects/GITHUB/Documentazione/UML dell'architettura software/Diagrammi di sequenza/seq5.jpg> </Users/matt/Projects/GITHUB/Documentazione/UML dell'architettura software/Diagrammi di sequenza/seq6.jpg>] [39



]
\openout2 = `"Design pattern/Design pattern.aux"'.

 (/Users/matt/Projects/GITHUB/Documentazione/Design pattern/Design pattern.tex
Capitolo 10.
) [40


] [41



]
\openout2 = `"Progettazione Concettuale/Progettazione concettuale/Progettazione concettuale.aux"'.

 (/Users/matt/Projects/GITHUB/Documentazione/Progettazione Concettuale/Progettazione concettuale/Progettazione concettuale.tex
Capitolo 11.
</Users/matt/Projects/GITHUB/Documentazione/Progettazione concettuale/Progettazione concettuale/progettazione concettuale.jpg, id=1060, 974.89218pt x 670.75594pt>
File: /Users/matt/Projects/GITHUB/Documentazione/Progettazione concettuale/Progettazione concettuale/progettazione concettuale.jpg Graphic file (type jpg)
<use /Users/matt/Projects/GITHUB/Documentazione/Progettazione concettuale/Progettazione concettuale/progettazione concettuale.jpg>
Package pdftex.def Info: /Users/matt/Projects/GITHUB/Documentazione/Progettazione concettuale/Progettazione concettuale/progettazione concettuale.jpg  used on input line 4.
(pdftex.def)             Requested size: 448.50105pt x 308.58217pt.
)
Overfull \hbox (103.50105pt too wide) in paragraph at lines 4--44
 [] 
 []

[42


 </Users/matt/Projects/GITHUB/Documentazione/Progettazione concettuale/Progettazione concettuale/progettazione concettuale.jpg>]
\openout2 = `"Progettazione Concettuale/Progettazione logica/EER diagram.aux"'.

 (/Users/matt/Projects/GITHUB/Documentazione/Progettazione Concettuale/Progettazione logica/EER diagram.tex
Capitolo 12.
</Users/matt/Projects/GITHUB/Documentazione/Progettazione concettuale/Progettazione logica/EER diagram.png, id=1066, 1511.6475pt x 881.2925pt>
File: /Users/matt/Projects/GITHUB/Documentazione/Progettazione concettuale/Progettazione logica/EER diagram.png Graphic file (type png)
<use /Users/matt/Projects/GITHUB/Documentazione/Progettazione concettuale/Progettazione logica/EER diagram.png>
Package pdftex.def Info: /Users/matt/Projects/GITHUB/Documentazione/Progettazione concettuale/Progettazione logica/EER diagram.png  used on input line 3.
(pdftex.def)             Requested size: 448.50105pt x 261.4717pt.
)
Overfull \hbox (103.50105pt too wide) in paragraph at lines 3--45
 [] 
 []

[43




 </Users/matt/Projects/GITHUB/Documentazione/Progettazione concettuale/Progettazione logica/EER diagram.png>]
\openout2 = `"Progettazione concettuale/Dizionario dei dati/Dizionario dei dati.aux"'.

 (/Users/matt/Projects/GITHUB/Documentazione/Progettazione concettuale/Dizionario dei dati/Dizionario dei dati.tex
Capitolo 13.
[44




] [45]) [46] [47



]
\openout2 = `"Unit test/Unit test.aux"'.

 (/Users/matt/Projects/GITHUB/Documentazione/Unit test/Unit test.tex
Capitolo 14.
</Users/matt/Projects/GITHUB/Documentazione/Unit test/test1.png, id=1087, 231.86626pt x 66.2475pt>
File: /Users/matt/Projects/GITHUB/Documentazione/Unit test/test1.png Graphic file (type png)
<use /Users/matt/Projects/GITHUB/Documentazione/Unit test/test1.png>
Package pdftex.def Info: /Users/matt/Projects/GITHUB/Documentazione/Unit test/test1.png  used on input line 4.
(pdftex.def)             Requested size: 345.0pt x 98.5805pt.
</Users/matt/Projects/GITHUB/Documentazione/Unit test/test3.png, id=1088, 231.86626pt x 66.2475pt>
File: /Users/matt/Projects/GITHUB/Documentazione/Unit test/test3.png Graphic file (type png)
<use /Users/matt/Projects/GITHUB/Documentazione/Unit test/test3.png>
Package pdftex.def Info: /Users/matt/Projects/GITHUB/Documentazione/Unit test/test3.png  used on input line 7.
(pdftex.def)             Requested size: 345.0pt x 98.5805pt.
</Users/matt/Projects/GITHUB/Documentazione/Unit test/test4.png, id=1089, 231.86626pt x 66.2475pt>
File: /Users/matt/Projects/GITHUB/Documentazione/Unit test/test4.png Graphic file (type png)
<use /Users/matt/Projects/GITHUB/Documentazione/Unit test/test4.png>
Package pdftex.def Info: /Users/matt/Projects/GITHUB/Documentazione/Unit test/test4.png  used on input line 10.
(pdftex.def)             Requested size: 345.0pt x 98.5805pt.
[48


 </Users/matt/Projects/GITHUB/Documentazione/Unit test/test1.png> </Users/matt/Projects/GITHUB/Documentazione/Unit test/test3.png>]
</Users/matt/Projects/GITHUB/Documentazione/Unit test/test5.png, id=1095, 231.86626pt x 46.67438pt>
File: /Users/matt/Projects/GITHUB/Documentazione/Unit test/test5.png Graphic file (type png)
<use /Users/matt/Projects/GITHUB/Documentazione/Unit test/test5.png>
Package pdftex.def Info: /Users/matt/Projects/GITHUB/Documentazione/Unit test/test5.png  used on input line 13.
(pdftex.def)             Requested size: 345.0pt x 69.45442pt.
</Users/matt/Projects/GITHUB/Documentazione/Unit test/test6.png, id=1096, 240.14719pt x 65.49469pt>
File: /Users/matt/Projects/GITHUB/Documentazione/Unit test/test6.png Graphic file (type png)
<use /Users/matt/Projects/GITHUB/Documentazione/Unit test/test6.png>
Package pdftex.def Info: /Users/matt/Projects/GITHUB/Documentazione/Unit test/test6.png  used on input line 16.
(pdftex.def)             Requested size: 345.0pt x 94.09837pt.
</Users/matt/Projects/GITHUB/Documentazione/Unit test/test7.png, id=1097, 240.14719pt x 67.0003pt>
File: /Users/matt/Projects/GITHUB/Documentazione/Unit test/test7.png Graphic file (type png)
<use /Users/matt/Projects/GITHUB/Documentazione/Unit test/test7.png>
Package pdftex.def Info: /Users/matt/Projects/GITHUB/Documentazione/Unit test/test7.png  used on input line 19.
(pdftex.def)             Requested size: 345.0pt x 96.26155pt.
</Users/matt/Projects/GITHUB/Documentazione/Unit test/test8.png, id=1098, 240.14719pt x 50.43843pt>
File: /Users/matt/Projects/GITHUB/Documentazione/Unit test/test8.png Graphic file (type png)
<use /Users/matt/Projects/GITHUB/Documentazione/Unit test/test8.png>
Package pdftex.def Info: /Users/matt/Projects/GITHUB/Documentazione/Unit test/test8.png  used on input line 22.
(pdftex.def)             Requested size: 345.0pt x 72.46655pt.
 [49 </Users/matt/Projects/GITHUB/Documentazione/Unit test/test4.png> </Users/matt/Projects/GITHUB/Documentazione/Unit test/test5.png> </Users/matt/Projects/GITHUB/Documentazione/Unit test/test6.png> </Users/matt/Projects/GITHUB/Documentazione/Unit test/test7.png>]
</Users/matt/Projects/GITHUB/Documentazione/Unit test/test9.png, id=1103, 240.14719pt x 49.68562pt>
File: /Users/matt/Projects/GITHUB/Documentazione/Unit test/test9.png Graphic file (type png)
<use /Users/matt/Projects/GITHUB/Documentazione/Unit test/test9.png>
Package pdftex.def Info: /Users/matt/Projects/GITHUB/Documentazione/Unit test/test9.png  used on input line 25.
(pdftex.def)             Requested size: 345.0pt x 71.385pt.
</Users/matt/Projects/GITHUB/Documentazione/Unit test/test10.png, id=1104, 240.14719pt x 49.68562pt>
File: /Users/matt/Projects/GITHUB/Documentazione/Unit test/test10.png Graphic file (type png)
<use /Users/matt/Projects/GITHUB/Documentazione/Unit test/test10.png>
Package pdftex.def Info: /Users/matt/Projects/GITHUB/Documentazione/Unit test/test10.png  used on input line 28.
(pdftex.def)             Requested size: 345.0pt x 71.385pt.
</Users/matt/Projects/GITHUB/Documentazione/Unit test/test11.png, id=1105, 240.14719pt x 67.75313pt>
File: /Users/matt/Projects/GITHUB/Documentazione/Unit test/test11.png Graphic file (type png)
<use /Users/matt/Projects/GITHUB/Documentazione/Unit test/test11.png>
Package pdftex.def Info: /Users/matt/Projects/GITHUB/Documentazione/Unit test/test11.png  used on input line 31.
(pdftex.def)             Requested size: 345.0pt x 97.34315pt.
</Users/matt/Projects/GITHUB/Documentazione/Unit test/test12.png, id=1106, 240.14719pt x 50.43843pt>
File: /Users/matt/Projects/GITHUB/Documentazione/Unit test/test12.png Graphic file (type png)
<use /Users/matt/Projects/GITHUB/Documentazione/Unit test/test12.png>
Package pdftex.def Info: /Users/matt/Projects/GITHUB/Documentazione/Unit test/test12.png  used on input line 34.
(pdftex.def)             Requested size: 345.0pt x 72.46655pt.
 [50 </Users/matt/Projects/GITHUB/Documentazione/Unit test/test8.png> </Users/matt/Projects/GITHUB/Documentazione/Unit test/test9.png> </Users/matt/Projects/GITHUB/Documentazione/Unit test/test10.png> </Users/matt/Projects/GITHUB/Documentazione/Unit test/test11.png>]
</Users/matt/Projects/GITHUB/Documentazione/Unit test/test13.png, id=1112, 240.14719pt x 32.37094pt>
File: /Users/matt/Projects/GITHUB/Documentazione/Unit test/test13.png Graphic file (type png)
<use /Users/matt/Projects/GITHUB/Documentazione/Unit test/test13.png>
Package pdftex.def Info: /Users/matt/Projects/GITHUB/Documentazione/Unit test/test13.png  used on input line 37.
(pdftex.def)             Requested size: 345.0pt x 46.50839pt.
</Users/matt/Projects/GITHUB/Documentazione/Unit test/test14.png, id=1113, 240.14719pt x 62.48344pt>
File: /Users/matt/Projects/GITHUB/Documentazione/Unit test/test14.png Graphic file (type png)
<use /Users/matt/Projects/GITHUB/Documentazione/Unit test/test14.png>
Package pdftex.def Info: /Users/matt/Projects/GITHUB/Documentazione/Unit test/test14.png  used on input line 40.
(pdftex.def)             Requested size: 345.0pt x 89.77203pt.
</Users/matt/Projects/GITHUB/Documentazione/Unit test/test15.png, id=1114, 240.14719pt x 46.67438pt>
File: /Users/matt/Projects/GITHUB/Documentazione/Unit test/test15.png Graphic file (type png)
<use /Users/matt/Projects/GITHUB/Documentazione/Unit test/test15.png>
Package pdftex.def Info: /Users/matt/Projects/GITHUB/Documentazione/Unit test/test15.png  used on input line 43.
(pdftex.def)             Requested size: 345.0pt x 67.05861pt.
</Users/matt/Projects/GITHUB/Documentazione/Unit test/test16.jpg, id=1115, 231.86626pt x 67.0003pt>
File: /Users/matt/Projects/GITHUB/Documentazione/Unit test/test16.jpg Graphic file (type jpg)
<use /Users/matt/Projects/GITHUB/Documentazione/Unit test/test16.jpg>
Package pdftex.def Info: /Users/matt/Projects/GITHUB/Documentazione/Unit test/test16.jpg  used on input line 46.
(pdftex.def)             Requested size: 345.0pt x 99.7007pt.
 [51 </Users/matt/Projects/GITHUB/Documentazione/Unit test/test12.png> </Users/matt/Projects/GITHUB/Documentazione/Unit test/test13.png> </Users/matt/Projects/GITHUB/Documentazione/Unit test/test14.png> </Users/matt/Projects/GITHUB/Documentazione/Unit test/test15.png>]
</Users/matt/Projects/GITHUB/Documentazione/Unit test/test17.jpg, id=1120, 231.86626pt x 67.75313pt>
File: /Users/matt/Projects/GITHUB/Documentazione/Unit test/test17.jpg Graphic file (type jpg)
<use /Users/matt/Projects/GITHUB/Documentazione/Unit test/test17.jpg>
Package pdftex.def Info: /Users/matt/Projects/GITHUB/Documentazione/Unit test/test17.jpg  used on input line 49.
(pdftex.def)             Requested size: 345.0pt x 100.82095pt.
</Users/matt/Projects/GITHUB/Documentazione/Unit test/test18.jpg, id=1121, 231.86626pt x 65.49469pt>
File: /Users/matt/Projects/GITHUB/Documentazione/Unit test/test18.jpg Graphic file (type jpg)
<use /Users/matt/Projects/GITHUB/Documentazione/Unit test/test18.jpg>
Package pdftex.def Info: /Users/matt/Projects/GITHUB/Documentazione/Unit test/test18.jpg  used on input line 52.
(pdftex.def)             Requested size: 345.0pt x 97.46025pt.
</Users/matt/Projects/GITHUB/Documentazione/Unit test/test19.jpg, id=1122, 231.86626pt x 68.50594pt>
File: /Users/matt/Projects/GITHUB/Documentazione/Unit test/test19.jpg Graphic file (type jpg)
<use /Users/matt/Projects/GITHUB/Documentazione/Unit test/test19.jpg>
Package pdftex.def Info: /Users/matt/Projects/GITHUB/Documentazione/Unit test/test19.jpg  used on input line 55.
(pdftex.def)             Requested size: 345.0pt x 101.94121pt.
 [52 </Users/matt/Projects/GITHUB/Documentazione/Unit test/test16.jpg> </Users/matt/Projects/GITHUB/Documentazione/Unit test/test17.jpg> </Users/matt/Projects/GITHUB/Documentazione/Unit test/test18.jpg>]
</Users/matt/Projects/GITHUB/Documentazione/Unit test/test20.jpg, id=1127, 231.86626pt x 47.42719pt>
File: /Users/matt/Projects/GITHUB/Documentazione/Unit test/test20.jpg Graphic file (type jpg)
<use /Users/matt/Projects/GITHUB/Documentazione/Unit test/test20.jpg>
Package pdftex.def Info: /Users/matt/Projects/GITHUB/Documentazione/Unit test/test20.jpg  used on input line 58.
(pdftex.def)             Requested size: 345.0pt x 70.57468pt.
) [53 </Users/matt/Projects/GITHUB/Documentazione/Unit test/test19.jpg> </Users/matt/Projects/GITHUB/Documentazione/Unit test/test20.jpg>] [54



]
\openout2 = `"Scrum/Sprint backlog/Sprint Backlog.aux"'.

 (/Users/matt/Projects/GITHUB/Documentazione/Scrum/Sprint backlog/Sprint Backlog.tex
Capitolo 15.
</Users/matt/Projects/GITHUB/Documentazione/Scrum/Sprint backlog/Sprint BackLog-1.png, id=1137, 597.6729pt x 845.19765pt>
File: /Users/matt/Projects/GITHUB/Documentazione/Scrum/Sprint backlog/Sprint BackLog-1.png Graphic file (type png)
<use /Users/matt/Projects/GITHUB/Documentazione/Scrum/Sprint backlog/Sprint BackLog-1.png>
Package pdftex.def Info: /Users/matt/Projects/GITHUB/Documentazione/Scrum/Sprint backlog/Sprint BackLog-1.png  used on input line 3.
(pdftex.def)             Requested size: 258.75pt x 365.91696pt.
</Users/matt/Projects/GITHUB/Documentazione/Scrum/Sprint backlog/Sprint BackLog-2.png, id=1138, 597.6729pt x 845.19765pt>
File: /Users/matt/Projects/GITHUB/Documentazione/Scrum/Sprint backlog/Sprint BackLog-2.png Graphic file (type png)
<use /Users/matt/Projects/GITHUB/Documentazione/Scrum/Sprint backlog/Sprint BackLog-2.png>
Package pdftex.def Info: /Users/matt/Projects/GITHUB/Documentazione/Scrum/Sprint backlog/Sprint BackLog-2.png  used on input line 5.
(pdftex.def)             Requested size: 258.75pt x 365.91696pt.
) [55


 </Users/matt/Projects/GITHUB/Documentazione/Scrum/Sprint backlog/Sprint BackLog-1.png>] [56 </Users/matt/Projects/GITHUB/Documentazione/Scrum/Sprint backlog/Sprint BackLog-2.png>]
\openout2 = `"Scrum/Burndown chart/Burndown chart.aux"'.

 (/Users/matt/Projects/GITHUB/Documentazione/Scrum/Burndown chart/Burndown chart.tex
Capitolo 16.
</Users/matt/Projects/GITHUB/Documentazione/Scrum/Burndown chart/Luglio-1.png, id=1149, 845.19765pt x 597.6729pt>
File: /Users/matt/Projects/GITHUB/Documentazione/Scrum/Burndown chart/Luglio-1.png Graphic file (type png)
<use /Users/matt/Projects/GITHUB/Documentazione/Scrum/Burndown chart/Luglio-1.png>
Package pdftex.def Info: /Users/matt/Projects/GITHUB/Documentazione/Scrum/Burndown chart/Luglio-1.png  used on input line 3.
(pdftex.def)             Requested size: 448.50105pt x 317.14815pt.

Overfull \hbox (103.50105pt too wide) in paragraph at lines 3--4
 [] 
 []

</Users/matt/Projects/GITHUB/Documentazione/Scrum/Burndown chart/Agosto-1.png, id=1150, 845.19765pt x 597.6729pt>
File: /Users/matt/Projects/GITHUB/Documentazione/Scrum/Burndown chart/Agosto-1.png Graphic file (type png)
<use /Users/matt/Projects/GITHUB/Documentazione/Scrum/Burndown chart/Agosto-1.png>
Package pdftex.def Info: /Users/matt/Projects/GITHUB/Documentazione/Scrum/Burndown chart/Agosto-1.png  used on input line 5.
(pdftex.def)             Requested size: 465.7521pt x 329.35037pt.

Overfull \hbox (120.7521pt too wide) in paragraph at lines 5--6
 [][] 
 []

[57




 </Users/matt/Projects/GITHUB/Documentazione/Scrum/Burndown chart/Luglio-1.png>]
</Users/matt/Projects/GITHUB/Documentazione/Scrum/Burndown chart/Settembre-1.png, id=1156, 845.19765pt x 597.6729pt>
File: /Users/matt/Projects/GITHUB/Documentazione/Scrum/Burndown chart/Settembre-1.png Graphic file (type png)
<use /Users/matt/Projects/GITHUB/Documentazione/Scrum/Burndown chart/Settembre-1.png>
Package pdftex.def Info: /Users/matt/Projects/GITHUB/Documentazione/Scrum/Burndown chart/Settembre-1.png  used on input line 7.
(pdftex.def)             Requested size: 448.50105pt x 317.14815pt.
)
Overfull \hbox (103.50105pt too wide) in paragraph at lines 7--53
 [][] 
 []

[58 </Users/matt/Projects/GITHUB/Documentazione/Scrum/Burndown chart/Agosto-1.png>] [59 </Users/matt/Projects/GITHUB/Documentazione/Scrum/Burndown chart/Settembre-1.png>] (/Users/matt/Projects/GITHUB/Documentazione/Documentazione.aux (/Users/matt/Projects/GITHUB/Documentazione/Analisi dei requisiti/Casi d'uso: Generale.aux) (/Users/matt/Projects/GITHUB/Documentazione/Analisi dei requisiti/Casi d'uso: Amministratore.aux) (/Users/matt/Projects/GITHUB/Documentazione/Analisi dei requisiti/Casi d'uso: Manager.aux) (/Users/matt/Projects/GITHUB/Documentazione/Analisi dei requisiti/Casi d'uso: Utente acquirente.aux) (/Users/matt/Projects/GITHUB/Documentazione/Analisi dei requisiti/Casi d'uso: Guest.aux) (/Users/matt/Projects/GITHUB/Documentazione/UML dell'architettura software/UML dei casi d'uso.aux) (/Users/matt/Projects/GITHUB/Documentazione/UML dell'architettura software/CRC.aux) (/Users/matt/Projects/GITHUB/Documentazione/UML dell'architettura software/Diagramma delle classi.aux) (/Users/matt/Projects/GITHUB/Documentazione/UML dell'architettura software/Diagrammi di sequenza.aux) (/Users/matt/Projects/GITHUB/Documentazione/Design pattern/Design pattern.aux) (/Users/matt/Projects/GITHUB/Documentazione/Progettazione Concettuale/Progettazione concettuale/Progettazione concettuale.aux) (/Users/matt/Projects/GITHUB/Documentazione/Progettazione Concettuale/Progettazione logica/EER diagram.aux) (/Users/matt/Projects/GITHUB/Documentazione/Progettazione concettuale/Dizionario dei dati/Dizionario dei dati.aux) (/Users/matt/Projects/GITHUB/Documentazione/Unit test/Unit test.aux) (/Users/matt/Projects/GITHUB/Documentazione/Scrum/Sprint backlog/Sprint Backlog.aux) (/Users/matt/Projects/GITHUB/Documentazione/Scrum/Burndown chart/Burndown chart.aux))
Package rerunfilecheck Info: File `Documentazione.out' has not changed.
(rerunfilecheck)             Checksum: DD2BBC58E2A0D755B47C4D49FA96650B;13820.
 ) 
Here is how much of TeX's memory you used:
 10653 strings out of 478994
 175689 string characters out of 5858185
 491861 words of memory out of 5000000
 27309 multiletter control sequences out of 15000+600000
 414987 words of font info for 48 fonts, out of 8000000 for 9000
 1141 hyphenation exceptions out of 8191
 71i,6n,74p,455b,507s stack positions out of 5000i,500n,10000p,200000b,80000s
{/usr/local/texlive/2021/texmf-dist/fonts/enc/dvips/cm-super/cm-super-ts1.enc}{/usr/local/texlive/2021/texmf-dist/fonts/enc/dvips/cm-super/cm-super-t1.enc}</usr/local/texlive/2021/texmf-dist/fonts/type1/public/cm-super/sfbx1000.pfb></usr/local/texlive/2021/texmf-dist/fonts/type1/public/cm-super/sfbx1200.pfb></usr/local/texlive/2021/texmf-dist/fonts/type1/public/cm-super/sfbx1440.pfb></usr/local/texlive/2021/texmf-dist/fonts/type1/public/cm-super/sfbx2074.pfb></usr/local/texlive/2021/texmf-dist/fonts/type1/public/cm-super/sfbx2488.pfb></usr/local/texlive/2021/texmf-dist/fonts/type1/public/cm-super/sfrm1000.pfb></usr/local/texlive/2021/texmf-dist/fonts/type1/public/cm-super/sfrm1200.pfb></usr/local/texlive/2021/texmf-dist/fonts/type1/public/cm-super/sfrm2074.pfb>
Output written on /Users/matt/Projects/GITHUB/Documentazione/Documentazione.pdf (60 pages, 4128223 bytes).
PDF statistics:
 1311 PDF objects out of 1440 (max. 8388607)
 1182 compressed objects within 12 object streams
 532 named destinations out of 1000 (max. 500000)
 897 words of extra memory for PDF output out of 10000 (max. 10000000)

