\BOOKMARK [-1][-]{part.1}{\376\377\000I\000\040\000A\000n\000a\000l\000i\000s\000i\000\040\000d\000e\000i\000\040\000r\000e\000q\000u\000i\000s\000i\000t\000i}{}% 1
\BOOKMARK [0][-]{chapter.1}{\376\377\000G\000e\000n\000e\000r\000a\000l\000e}{part.1}% 2
\BOOKMARK [1][-]{section.1.1}{\376\377\000L\000o\000g\000i\000n}{chapter.1}% 3
\BOOKMARK [1][-]{section.1.2}{\376\377\000C\000o\000n\000s\000u\000l\000t\000a\000r\000e\000\040\000c\000a\000t\000a\000l\000o\000g\000o}{chapter.1}% 4
\BOOKMARK [0][-]{chapter.2}{\376\377\000A\000m\000m\000i\000n\000i\000s\000t\000r\000a\000t\000o\000r\000e}{part.1}% 5
\BOOKMARK [1][-]{section.2.1}{\376\377\000C\000r\000e\000a\000z\000i\000o\000n\000e\000\040\000d\000i\000\040\000u\000n\000\040\000a\000r\000t\000i\000c\000o\000l\000o}{chapter.2}% 6
\BOOKMARK [1][-]{section.2.2}{\376\377\000M\000o\000d\000i\000f\000i\000c\000a\000\040\000d\000i\000\040\000u\000n\000\040\000a\000r\000t\000i\000c\000o\000l\000o}{chapter.2}% 7
\BOOKMARK [1][-]{section.2.3}{\376\377\000C\000a\000n\000c\000e\000l\000l\000a\000z\000i\000o\000n\000e\000\040\000d\000i\000\040\000u\000n\000\040\000a\000r\000t\000i\000c\000o\000l\000o}{chapter.2}% 8
\BOOKMARK [1][-]{section.2.4}{\376\377\000C\000r\000e\000a\000z\000i\000o\000n\000e\000\040\000d\000i\000\040\000u\000n\000\040\000p\000r\000o\000d\000u\000t\000t\000o\000r\000e}{chapter.2}% 9
\BOOKMARK [1][-]{section.2.5}{\376\377\000M\000o\000d\000i\000f\000i\000c\000a\000\040\000d\000i\000\040\000u\000n\000\040\000p\000r\000o\000d\000u\000t\000t\000o\000r\000e}{chapter.2}% 10
\BOOKMARK [1][-]{section.2.6}{\376\377\000C\000a\000n\000c\000e\000l\000l\000a\000z\000i\000o\000n\000e\000\040\000d\000i\000\040\000u\000n\000\040\000p\000r\000o\000d\000u\000t\000t\000o\000r\000e}{chapter.2}% 11
\BOOKMARK [1][-]{section.2.7}{\376\377\000C\000r\000e\000a\000z\000i\000o\000n\000e\000\040\000d\000i\000\040\000u\000n\000\040\000f\000o\000r\000n\000i\000t\000o\000r\000e}{chapter.2}% 12
\BOOKMARK [1][-]{section.2.8}{\376\377\000M\000o\000d\000i\000f\000i\000c\000a\000\040\000d\000i\000\040\000u\000n\000\040\000f\000o\000r\000n\000i\000t\000o\000r\000e}{chapter.2}% 13
\BOOKMARK [1][-]{section.2.9}{\376\377\000C\000a\000n\000c\000e\000l\000l\000a\000z\000i\000o\000n\000e\000\040\000d\000i\000\040\000u\000n\000\040\000f\000o\000r\000n\000i\000t\000o\000r\000e}{chapter.2}% 14
\BOOKMARK [1][-]{section.2.10}{\376\377\000C\000r\000e\000a\000z\000i\000o\000n\000e\000\040\000d\000i\000\040\000u\000n\000a\000\040\000c\000a\000t\000e\000g\000o\000r\000i\000a}{chapter.2}% 15
\BOOKMARK [1][-]{section.2.11}{\376\377\000M\000o\000d\000i\000f\000i\000c\000a\000\040\000d\000i\000\040\000u\000n\000a\000\040\000c\000a\000t\000e\000g\000o\000r\000i\000a}{chapter.2}% 16
\BOOKMARK [1][-]{section.2.12}{\376\377\000C\000a\000n\000c\000e\000l\000l\000a\000z\000i\000o\000n\000e\000\040\000d\000i\000\040\000u\000n\000a\000\040\000c\000a\000t\000e\000g\000o\000r\000i\000a}{chapter.2}% 17
\BOOKMARK [1][-]{section.2.13}{\376\377\000C\000r\000e\000a\000z\000i\000o\000n\000e\000\040\000d\000i\000\040\000u\000n\000a\000\040\000s\000o\000t\000t\000o\000c\000a\000t\000e\000g\000o\000r\000i\000a}{chapter.2}% 18
\BOOKMARK [1][-]{section.2.14}{\376\377\000C\000r\000e\000a\000z\000i\000o\000n\000e\000\040\000p\000u\000n\000t\000o\000\040\000v\000e\000n\000d\000i\000t\000a}{chapter.2}% 19
\BOOKMARK [1][-]{section.2.15}{\376\377\000M\000o\000d\000i\000f\000i\000c\000a\000\040\000d\000i\000\040\000u\000n\000\040\000p\000u\000n\000t\000o\000\040\000v\000e\000n\000d\000i\000t\000a}{chapter.2}% 20
\BOOKMARK [1][-]{section.2.16}{\376\377\000C\000a\000n\000c\000e\000l\000l\000a\000z\000i\000o\000n\000e\000\040\000d\000i\000\040\000u\000n\000\040\000p\000u\000n\000t\000o\000\040\000v\000e\000n\000d\000i\000t\000a}{chapter.2}% 21
\BOOKMARK [1][-]{section.2.17}{\376\377\000C\000r\000e\000a\000z\000i\000o\000n\000e\000\040\000d\000i\000\040\000u\000n\000\040\000M\000a\000n\000a\000g\000e\000r}{chapter.2}% 22
\BOOKMARK [1][-]{section.2.18}{\376\377\000M\000o\000d\000i\000f\000i\000c\000a\000\040\000d\000i\000\040\000u\000n\000\040\000M\000a\000n\000a\000g\000e\000r}{chapter.2}% 23
\BOOKMARK [1][-]{section.2.19}{\376\377\000C\000a\000n\000c\000e\000l\000l\000a\000z\000i\000o\000n\000e\000\040\000d\000i\000\040\000u\000n\000\040\000M\000a\000n\000a\000g\000e\000r}{chapter.2}% 24
\BOOKMARK [0][-]{chapter.3}{\376\377\000M\000a\000n\000a\000g\000e\000r}{part.1}% 25
\BOOKMARK [1][-]{section.3.1}{\376\377\000C\000r\000e\000a\000z\000i\000o\000n\000e\000\040\000d\000i\000\040\000u\000n\000\040\000o\000r\000d\000i\000n\000e}{chapter.3}% 26
\BOOKMARK [1][-]{section.3.2}{\376\377\000M\000o\000d\000i\000f\000i\000c\000a\000\040\000d\000i\000\040\000u\000n\000\040\000o\000r\000d\000i\000n\000e}{chapter.3}% 27
\BOOKMARK [1][-]{section.3.3}{\376\377\000C\000a\000n\000c\000e\000l\000l\000a\000z\000i\000o\000n\000e\000\040\000d\000i\000\040\000u\000n\000\040\000o\000r\000d\000i\000n\000e}{chapter.3}% 28
\BOOKMARK [1][-]{section.3.4}{\376\377\000E\000f\000f\000e\000t\000t\000u\000a\000r\000e\000\040\000p\000a\000g\000a\000m\000e\000n\000t\000o}{chapter.3}% 29
\BOOKMARK [1][-]{section.3.5}{\376\377\000D\000i\000s\000a\000b\000i\000l\000i\000t\000a\000z\000i\000o\000n\000e\000\040\000d\000i\000\040\000u\000n\000\040\000u\000t\000e\000n\000t\000e}{chapter.3}% 30
\BOOKMARK [1][-]{section.3.6}{\376\377\000C\000a\000n\000c\000e\000l\000l\000a\000z\000i\000o\000n\000e\000\040\000d\000i\000\040\000u\000n\000\040\000u\000t\000e\000n\000t\000e}{chapter.3}% 31
\BOOKMARK [1][-]{section.3.7}{\376\377\000I\000n\000v\000i\000a\000r\000e\000\040\000u\000n\040\031\000e\000-\000m\000a\000i\000l\000\040\000a\000d\000\040\000u\000n\000\040\000u\000t\000e\000n\000t\000e}{chapter.3}% 32
\BOOKMARK [1][-]{section.3.8}{\376\377\000G\000e\000s\000t\000i\000o\000n\000e\000\040\000d\000e\000i\000\040\000f\000e\000e\000d\000b\000a\000c\000k}{chapter.3}% 33
\BOOKMARK [0][-]{chapter.4}{\376\377\000U\000t\000e\000n\000t\000e\000\040\000a\000c\000q\000u\000i\000r\000e\000n\000t\000e}{part.1}% 34
\BOOKMARK [1][-]{section.4.1}{\376\377\000P\000r\000e\000n\000o\000t\000a\000z\000i\000o\000n\000e\000\040\000d\000i\000\040\000u\000n\000\040\000a\000r\000t\000i\000c\000o\000l\000o}{chapter.4}% 35
\BOOKMARK [1][-]{section.4.2}{\376\377\000C\000r\000e\000a\000z\000i\000o\000n\000e\000\040\000d\000i\000\040\000u\000n\000a\000\040\000l\000i\000s\000t\000a\000\040\000d\040\031\000a\000c\000q\000u\000i\000s\000t\000o}{chapter.4}% 36
\BOOKMARK [1][-]{section.4.3}{\376\377\000M\000o\000d\000i\000f\000i\000c\000a\000\040\000d\000i\000\040\000u\000n\000a\000\040\000l\000i\000s\000t\000a\000\040\000d\040\031\000a\000c\000q\000u\000i\000s\000t\000o}{chapter.4}% 37
\BOOKMARK [1][-]{section.4.4}{\376\377\000C\000a\000n\000c\000e\000l\000l\000a\000z\000i\000o\000n\000e\000\040\000d\000i\000\040\000u\000n\000a\000\040\000l\000i\000s\000t\000a\000\040\000d\040\031\000a\000c\000q\000u\000i\000s\000t\000o}{chapter.4}% 38
\BOOKMARK [1][-]{section.4.5}{\376\377\000A\000g\000g\000i\000u\000n\000g\000e\000r\000e\000\040\000u\000n\000\040\000a\000r\000t\000i\000c\000o\000l\000o\000\040\000i\000n\000\040\000u\000n\000a\000\040\000l\000i\000s\000t\000a\000\040\000d\040\031\000a\000c\000q\000u\000i\000s\000t\000o}{chapter.4}% 39
\BOOKMARK [1][-]{section.4.6}{\376\377\000C\000r\000e\000a\000z\000i\000o\000n\000e\000\040\000d\000i\000\040\000u\000n\000\040\000p\000d\000f\000\040\000d\000e\000l\000l\000a\000\040\000l\000i\000s\000t\000a\000\040\000d\040\031\000a\000c\000q\000u\000i\000s\000t\000o}{chapter.4}% 40
\BOOKMARK [1][-]{section.4.7}{\376\377\000R\000i\000l\000a\000s\000c\000i\000o\000\040\000d\000i\000\040\000f\000e\000e\000d\000b\000a\000c\000k}{chapter.4}% 41
\BOOKMARK [0][-]{chapter.5}{\376\377\000U\000t\000e\000n\000t\000e\000\040\000g\000u\000e\000s\000t}{part.1}% 42
\BOOKMARK [1][-]{section.5.1}{\376\377\000R\000e\000g\000i\000s\000t\000r\000a\000z\000i\000o\000n\000e}{chapter.5}% 43
\BOOKMARK [-1][-]{part.2}{\376\377\000I\000I\000\040\000U\000M\000L\000\040\000d\000e\000l\000l\000'\000a\000r\000c\000h\000i\000t\000e\000t\000t\000u\000r\000a\000\040\000s\000o\000f\000t\000w\000a\000r\000e}{}% 44
\BOOKMARK [0][-]{chapter.6}{\376\377\000U\000M\000L\000\040\000d\000e\000i\000\040\000c\000a\000s\000i\000\040\000d\000'\000u\000s\000o}{part.2}% 45
\BOOKMARK [0][-]{chapter.7}{\376\377\000S\000c\000h\000e\000d\000e\000\040\000C\000R\000C}{part.2}% 46
\BOOKMARK [0][-]{chapter.8}{\376\377\000D\000i\000a\000g\000r\000a\000m\000m\000a\000\040\000d\000e\000l\000l\000e\000\040\000c\000l\000a\000s\000s\000i}{part.2}% 47
\BOOKMARK [0][-]{chapter.9}{\376\377\000D\000i\000a\000g\000r\000a\000m\000m\000i\000\040\000d\000i\000\040\000s\000e\000q\000u\000e\000n\000z\000a}{part.2}% 48
\BOOKMARK [-1][-]{part.3}{\376\377\000I\000I\000I\000\040\000U\000t\000i\000l\000i\000z\000z\000o\000\040\000d\000e\000i\000\040\000d\000e\000s\000i\000g\000n\000\040\000p\000a\000t\000t\000e\000r\000n\000\040\000a\000d\000o\000t\000t\000a\000t\000i}{}% 49
\BOOKMARK [0][-]{chapter.10}{\376\377\000I\000n\000d\000i\000c\000a\000z\000i\000o\000n\000e\000\040\000d\000e\000i\000\040\000d\000e\000s\000i\000g\000n\000\040\000p\000a\000t\000t\000e\000r\000n}{part.3}% 50
\BOOKMARK [-1][-]{part.4}{\376\377\000I\000V\000\040\000P\000r\000o\000g\000e\000t\000t\000a\000z\000i\000o\000n\000e\000\040\000d\000e\000l\000l\000a\000\040\000b\000a\000s\000e\000\040\000d\000i\000\040\000d\000a\000t\000i}{}% 51
\BOOKMARK [0][-]{chapter.11}{\376\377\000P\000r\000o\000g\000e\000t\000t\000a\000z\000i\000o\000n\000e\000\040\000c\000o\000n\000c\000e\000t\000t\000u\000a\000l\000e}{part.4}% 52
\BOOKMARK [0][-]{chapter.12}{\376\377\000E\000E\000R\000\040\000d\000i\000a\000g\000r\000a\000m}{part.4}% 53
\BOOKMARK [0][-]{chapter.13}{\376\377\000D\000i\000z\000i\000o\000n\000a\000r\000i\000o\000\040\000d\000e\000i\000\040\000d\000a\000t\000i}{part.4}% 54
\BOOKMARK [1][-]{section.13.1}{\376\377\000U\000t\000e\000n\000t\000e}{chapter.13}% 55
\BOOKMARK [1][-]{section.13.2}{\376\377\000L\000i\000s\000t\000a}{chapter.13}% 56
\BOOKMARK [1][-]{section.13.3}{\376\377\000A\000r\000t\000i\000c\000o\000l\000o}{chapter.13}% 57
\BOOKMARK [1][-]{section.13.4}{\376\377\000G\000r\000o\000s\000s\000i\000s\000t\000a}{chapter.13}% 58
\BOOKMARK [1][-]{section.13.5}{\376\377\000I\000m\000m\000a\000g\000i\000n\000e}{chapter.13}% 59
\BOOKMARK [1][-]{section.13.6}{\376\377\000P\000u\000n\000t\000o\000\040\000v\000e\000n\000d\000i\000t\000a}{chapter.13}% 60
\BOOKMARK [1][-]{section.13.7}{\376\377\000F\000e\000e\000d\000b\000a\000c\000k}{chapter.13}% 61
\BOOKMARK [1][-]{section.13.8}{\376\377\000O\000r\000d\000i\000n\000e}{chapter.13}% 62
\BOOKMARK [1][-]{section.13.9}{\376\377\000P\000a\000g\000a\000m\000e\000n\000t\000o}{chapter.13}% 63
\BOOKMARK [-1][-]{part.5}{\376\377\000V\000\040\000E\000s\000i\000t\000i\000\040\000d\000e\000g\000l\000i\000\040\000u\000n\000i\000t\000\040\000t\000e\000s\000t}{}% 64
\BOOKMARK [0][-]{chapter.14}{\376\377\000U\000n\000i\000t\000\040\000t\000e\000s\000t}{part.5}% 65
\BOOKMARK [1][-]{section.14.1}{\376\377\000L\000i\000s\000t\000D\000A\000O\000T\000e\000s\000t}{chapter.14}% 66
\BOOKMARK [1][-]{section.14.2}{\376\377\000M\000a\000n\000a\000g\000e\000r\000D\000A\000O\000T\000e\000s\000t}{chapter.14}% 67
\BOOKMARK [1][-]{section.14.3}{\376\377\000O\000r\000d\000e\000r\000D\000A\000O\000T\000e\000s\000t}{chapter.14}% 68
\BOOKMARK [1][-]{section.14.4}{\376\377\000C\000o\000m\000p\000o\000s\000i\000t\000e\000P\000r\000o\000d\000u\000c\000t\000D\000A\000O\000T\000e\000s\000t}{chapter.14}% 69
\BOOKMARK [1][-]{section.14.5}{\376\377\000P\000o\000s\000i\000t\000i\000o\000n\000D\000A\000O\000T\000e\000s\000t}{chapter.14}% 70
\BOOKMARK [1][-]{section.14.6}{\376\377\000P\000r\000o\000d\000u\000c\000t\000D\000A\000O\000T\000e\000s\000t}{chapter.14}% 71
\BOOKMARK [1][-]{section.14.7}{\376\377\000P\000u\000r\000c\000h\000a\000s\000e\000D\000A\000O\000T\000e\000s\000t}{chapter.14}% 72
\BOOKMARK [1][-]{section.14.8}{\376\377\000S\000e\000r\000v\000i\000c\000e\000D\000A\000O\000T\000e\000s\000t}{chapter.14}% 73
\BOOKMARK [1][-]{section.14.9}{\376\377\000S\000t\000o\000c\000k\000i\000s\000t\000D\000A\000O\000T\000e\000s\000t}{chapter.14}% 74
\BOOKMARK [1][-]{section.14.10}{\376\377\000S\000t\000o\000r\000e\000D\000A\000O\000T\000e\000s\000t}{chapter.14}% 75
\BOOKMARK [1][-]{section.14.11}{\376\377\000W\000h\000o\000l\000e\000s\000a\000l\000e\000r\000D\000A\000O\000T\000e\000s\000t}{chapter.14}% 76
\BOOKMARK [1][-]{section.14.12}{\376\377\000P\000a\000y\000m\000e\000n\000t\000D\000A\000O\000T\000e\000s\000t}{chapter.14}% 77
\BOOKMARK [1][-]{section.14.13}{\376\377\000P\000r\000o\000d\000u\000c\000e\000r\000D\000A\000O\000T\000e\000s\000t}{chapter.14}% 78
\BOOKMARK [1][-]{section.14.14}{\376\377\000U\000s\000e\000r\000D\000A\000O\000T\000e\000s\000t}{chapter.14}% 79
\BOOKMARK [1][-]{section.14.15}{\376\377\000B\000u\000y\000e\000r\000D\000A\000O\000T\000e\000s\000t}{chapter.14}% 80
\BOOKMARK [1][-]{section.14.16}{\376\377\000A\000d\000m\000i\000n\000i\000s\000t\000r\000a\000t\000o\000r\000D\000A\000O\000T\000e\000s\000t}{chapter.14}% 81
\BOOKMARK [1][-]{section.14.17}{\376\377\000C\000a\000t\000e\000g\000o\000r\000y\000D\000A\000O\000T\000e\000s\000t}{chapter.14}% 82
\BOOKMARK [1][-]{section.14.18}{\376\377\000I\000t\000e\000m\000D\000A\000O\000T\000e\000s\000t}{chapter.14}% 83
\BOOKMARK [1][-]{section.14.19}{\376\377\000F\000e\000e\000d\000b\000a\000c\000k\000D\000A\000O\000T\000e\000s\000t}{chapter.14}% 84
\BOOKMARK [-1][-]{part.6}{\376\377\000V\000I\000\040\000S\000c\000r\000u\000m}{}% 85
\BOOKMARK [0][-]{chapter.15}{\376\377\000S\000p\000r\000i\000n\000t\000\040\000B\000a\000c\000k\000l\000o\000g}{part.6}% 86
\BOOKMARK [0][-]{chapter.16}{\376\377\000B\000u\000r\000n\000d\000o\000w\000n\000\040\000c\000h\000a\000r}{part.6}% 87
